2023-04-01 00:13:23,586 INFO  [restartedMain] com.myproject.SaferentprojectApplication:Starting SaferentprojectApplication using Java 18.0.2 on DESKTOP-U62Q8HR with PID 4932 (C:\Users\mstf-\Desktop\My Own saferent\saferentproject\target\classes started by mstf- in C:\Users\mstf-\Desktop\My Own saferent\saferentproject)
2023-04-01 00:13:23,591 DEBUG [restartedMain] com.myproject.SaferentprojectApplication:Running with Spring Boot v2.7.8, Spring v5.3.25
2023-04-01 00:13:23,591 INFO  [restartedMain] com.myproject.SaferentprojectApplication:No active profile set, falling back to 1 default profile: "default"
2023-04-01 00:13:23,624 INFO  [restartedMain] org.springframework.boot.devtools.env.DevToolsPropertyDefaultsPostProcessor:Devtools property defaults active! Set 'spring.devtools.add-properties' to 'false' to disable
2023-04-01 00:13:23,624 INFO  [restartedMain] org.springframework.boot.devtools.env.DevToolsPropertyDefaultsPostProcessor:For additional web related logging consider setting the 'logging.level.web' property to 'DEBUG'
2023-04-01 00:13:24,529 INFO  [restartedMain] org.springframework.data.repository.config.RepositoryConfigurationDelegate:Bootstrapping Spring Data JPA repositories in DEFAULT mode.
2023-04-01 00:13:24,589 INFO  [restartedMain] org.springframework.data.repository.config.RepositoryConfigurationDelegate:Finished Spring Data repository scanning in 54 ms. Found 6 JPA repository interfaces.
2023-04-01 00:13:25,176 INFO  [restartedMain] org.springframework.boot.web.embedded.tomcat.TomcatWebServer:Tomcat initialized with port(s): 8080 (http)
2023-04-01 00:13:25,183 INFO  [restartedMain] org.apache.catalina.core.StandardService:Starting service [Tomcat]
2023-04-01 00:13:25,183 INFO  [restartedMain] org.apache.catalina.core.StandardEngine:Starting Servlet engine: [Apache Tomcat/9.0.71]
2023-04-01 00:13:25,253 INFO  [restartedMain] org.apache.catalina.core.ContainerBase.[Tomcat].[localhost].[/]:Initializing Spring embedded WebApplicationContext
2023-04-01 00:13:25,253 INFO  [restartedMain] org.springframework.boot.web.servlet.context.ServletWebServerApplicationContext:Root WebApplicationContext: initialization completed in 1628 ms
2023-04-01 00:13:25,452 INFO  [restartedMain] org.hibernate.jpa.internal.util.LogHelper:HHH000204: Processing PersistenceUnitInfo [name: default]
2023-04-01 00:13:25,495 INFO  [restartedMain] org.hibernate.Version:HHH000412: Hibernate ORM core version 5.6.14.Final
2023-04-01 00:13:25,600 INFO  [restartedMain] org.hibernate.annotations.common.Version:HCANN000001: Hibernate Commons Annotations {5.1.2.Final}
2023-04-01 00:13:25,669 INFO  [restartedMain] com.zaxxer.hikari.HikariDataSource:HikariPool-1 - Starting...
2023-04-01 00:13:25,915 INFO  [restartedMain] com.zaxxer.hikari.HikariDataSource:HikariPool-1 - Start completed.
2023-04-01 00:13:25,929 INFO  [restartedMain] org.hibernate.dialect.Dialect:HHH000400: Using dialect: org.hibernate.dialect.PostgreSQLDialect
2023-04-01 00:13:26,493 INFO  [restartedMain] org.hibernate.engine.transaction.jta.platform.internal.JtaPlatformInitiator:HHH000490: Using JtaPlatform implementation: [org.hibernate.engine.transaction.jta.platform.internal.NoJtaPlatform]
2023-04-01 00:13:26,498 INFO  [restartedMain] org.springframework.orm.jpa.LocalContainerEntityManagerFactoryBean:Initialized JPA EntityManagerFactory for persistence unit 'default'
2023-04-01 00:13:26,867 DEBUG [restartedMain] com.myproject.security.jwt.AuthTokenFilter:Filter 'authTokenFilter' configured for use
2023-04-01 00:13:27,029 INFO  [restartedMain] org.springframework.security.web.DefaultSecurityFilterChain:Will secure any request with [org.springframework.security.web.session.DisableEncodeUrlFilter@40f83476, org.springframework.security.web.context.request.async.WebAsyncManagerIntegrationFilter@66804606, org.springframework.security.web.context.SecurityContextPersistenceFilter@5daf74e5, org.springframework.security.web.header.HeaderWriterFilter@4f680f27, org.springframework.security.web.authentication.logout.LogoutFilter@6e67155c, com.myproject.security.jwt.AuthTokenFilter@2d6246d6, org.springframework.security.web.savedrequest.RequestCacheAwareFilter@43f59f09, org.springframework.security.web.servletapi.SecurityContextHolderAwareRequestFilter@d939ccc, org.springframework.security.web.authentication.AnonymousAuthenticationFilter@3ef316dc, org.springframework.security.web.session.SessionManagementFilter@3813c30b, org.springframework.security.web.access.ExceptionTranslationFilter@32642517, org.springframework.security.web.access.intercept.FilterSecurityInterceptor@413cec5b]
2023-04-01 00:13:27,108 WARN  [restartedMain] org.springframework.boot.autoconfigure.orm.jpa.JpaBaseConfiguration$JpaWebConfiguration:spring.jpa.open-in-view is enabled by default. Therefore, database queries may be performed during view rendering. Explicitly configure spring.jpa.open-in-view to disable this warning
2023-04-01 00:13:27,730 WARN  [restartedMain] org.springframework.security.config.annotation.web.builders.WebSecurity:You are asking Spring Security to ignore Ant [pattern='/v3/api-docs/**']. This is not recommended -- please use permitAll via HttpSecurity#authorizeHttpRequests instead.
2023-04-01 00:13:27,730 INFO  [restartedMain] org.springframework.security.web.DefaultSecurityFilterChain:Will not secure Ant [pattern='/v3/api-docs/**']
2023-04-01 00:13:27,731 WARN  [restartedMain] org.springframework.security.config.annotation.web.builders.WebSecurity:You are asking Spring Security to ignore Ant [pattern='swagger-ui.html']. This is not recommended -- please use permitAll via HttpSecurity#authorizeHttpRequests instead.
2023-04-01 00:13:27,731 INFO  [restartedMain] org.springframework.security.web.DefaultSecurityFilterChain:Will not secure Ant [pattern='swagger-ui.html']
2023-04-01 00:13:27,731 WARN  [restartedMain] org.springframework.security.config.annotation.web.builders.WebSecurity:You are asking Spring Security to ignore Ant [pattern='/swagger-ui/**']. This is not recommended -- please use permitAll via HttpSecurity#authorizeHttpRequests instead.
2023-04-01 00:13:27,731 INFO  [restartedMain] org.springframework.security.web.DefaultSecurityFilterChain:Will not secure Ant [pattern='/swagger-ui/**']
2023-04-01 00:13:27,731 WARN  [restartedMain] org.springframework.security.config.annotation.web.builders.WebSecurity:You are asking Spring Security to ignore Ant [pattern='/']. This is not recommended -- please use permitAll via HttpSecurity#authorizeHttpRequests instead.
2023-04-01 00:13:27,731 INFO  [restartedMain] org.springframework.security.web.DefaultSecurityFilterChain:Will not secure Ant [pattern='/']
2023-04-01 00:13:27,731 WARN  [restartedMain] org.springframework.security.config.annotation.web.builders.WebSecurity:You are asking Spring Security to ignore Ant [pattern='index.html']. This is not recommended -- please use permitAll via HttpSecurity#authorizeHttpRequests instead.
2023-04-01 00:13:27,731 INFO  [restartedMain] org.springframework.security.web.DefaultSecurityFilterChain:Will not secure Ant [pattern='index.html']
2023-04-01 00:13:27,731 WARN  [restartedMain] org.springframework.security.config.annotation.web.builders.WebSecurity:You are asking Spring Security to ignore Ant [pattern='/images/**']. This is not recommended -- please use permitAll via HttpSecurity#authorizeHttpRequests instead.
2023-04-01 00:13:27,731 INFO  [restartedMain] org.springframework.security.web.DefaultSecurityFilterChain:Will not secure Ant [pattern='/images/**']
2023-04-01 00:13:27,731 WARN  [restartedMain] org.springframework.security.config.annotation.web.builders.WebSecurity:You are asking Spring Security to ignore Ant [pattern='/css/**']. This is not recommended -- please use permitAll via HttpSecurity#authorizeHttpRequests instead.
2023-04-01 00:13:27,731 INFO  [restartedMain] org.springframework.security.web.DefaultSecurityFilterChain:Will not secure Ant [pattern='/css/**']
2023-04-01 00:13:27,731 WARN  [restartedMain] org.springframework.security.config.annotation.web.builders.WebSecurity:You are asking Spring Security to ignore Ant [pattern='/js/**']. This is not recommended -- please use permitAll via HttpSecurity#authorizeHttpRequests instead.
2023-04-01 00:13:27,731 INFO  [restartedMain] org.springframework.security.web.DefaultSecurityFilterChain:Will not secure Ant [pattern='/js/**']
2023-04-01 00:13:27,758 INFO  [restartedMain] org.springframework.boot.devtools.autoconfigure.OptionalLiveReloadServer:LiveReload server is running on port 35729
2023-04-01 00:13:27,762 INFO  [restartedMain] org.springframework.boot.actuate.endpoint.web.EndpointLinksResolver:Exposing 15 endpoint(s) beneath base path '/actuator'
2023-04-01 00:13:27,791 INFO  [restartedMain] org.springframework.boot.web.embedded.tomcat.TomcatWebServer:Tomcat started on port(s): 8080 (http) with context path ''
2023-04-01 00:13:27,811 INFO  [restartedMain] com.myproject.SaferentprojectApplication:Started SaferentprojectApplication in 4.549 seconds (JVM running for 5.026)
2023-04-01 00:14:06,720 INFO  [http-nio-8080-exec-1] org.apache.catalina.core.ContainerBase.[Tomcat].[localhost].[/]:Initializing Spring DispatcherServlet 'dispatcherServlet'
2023-04-01 00:14:18,199 INFO  [http-nio-8080-exec-10] org.springdoc.api.AbstractOpenApiResource:Init duration for springdoc-openapi is: 293 ms
2023-04-01 00:21:52,255 ERROR [http-nio-8080-exec-8] com.myproject.exception.SafeRentExceptionHandler:JSON parse error: Cannot deserialize value of type `java.time.LocalDateTime` from String "2023-03-31T21:21:44.762Z": Failed to deserialize java.time.LocalDateTime: (java.time.format.DateTimeParseException) Text '2023-03-31T21:21:44.762Z' could not be parsed at index 2; nested exception is com.fasterxml.jackson.databind.exc.InvalidFormatException: Cannot deserialize value of type `java.time.LocalDateTime` from String "2023-03-31T21:21:44.762Z": Failed to deserialize java.time.LocalDateTime: (java.time.format.DateTimeParseException) Text '2023-03-31T21:21:44.762Z' could not be parsed at index 2
 at [Source: (org.springframework.util.StreamUtils$NonClosingInputStream); line: 2, column: 17] (through reference chain: com.myproject.dto.request.ReservationUpdateRequest["pickUpTime"])
2023-04-01 00:21:52,257 WARN  [http-nio-8080-exec-8] org.springframework.web.servlet.mvc.method.annotation.ExceptionHandlerExceptionResolver:Resolved [org.springframework.http.converter.HttpMessageNotReadableException: JSON parse error: Cannot deserialize value of type `java.time.LocalDateTime` from String "2023-03-31T21:21:44.762Z": Failed to deserialize java.time.LocalDateTime: (java.time.format.DateTimeParseException) Text '2023-03-31T21:21:44.762Z' could not be parsed at index 2; nested exception is com.fasterxml.jackson.databind.exc.InvalidFormatException: Cannot deserialize value of type `java.time.LocalDateTime` from String "2023-03-31T21:21:44.762Z": Failed to deserialize java.time.LocalDateTime: (java.time.format.DateTimeParseException) Text '2023-03-31T21:21:44.762Z' could not be parsed at index 2<EOL> at [Source: (org.springframework.util.StreamUtils$NonClosingInputStream); line: 2, column: 17] (through reference chain: com.myproject.dto.request.ReservationUpdateRequest["pickUpTime"])]
2023-04-01 00:21:57,919 ERROR [http-nio-8080-exec-9] com.myproject.exception.SafeRentExceptionHandler:JSON parse error: Cannot deserialize value of type `java.time.LocalDateTime` from String "2023-03-31T21:21:44.762Z": Failed to deserialize java.time.LocalDateTime: (java.time.format.DateTimeParseException) Text '2023-03-31T21:21:44.762Z' could not be parsed at index 2; nested exception is com.fasterxml.jackson.databind.exc.InvalidFormatException: Cannot deserialize value of type `java.time.LocalDateTime` from String "2023-03-31T21:21:44.762Z": Failed to deserialize java.time.LocalDateTime: (java.time.format.DateTimeParseException) Text '2023-03-31T21:21:44.762Z' could not be parsed at index 2
 at [Source: (org.springframework.util.StreamUtils$NonClosingInputStream); line: 2, column: 17] (through reference chain: com.myproject.dto.request.ReservationUpdateRequest["pickUpTime"])
2023-04-01 00:21:57,920 WARN  [http-nio-8080-exec-9] org.springframework.web.servlet.mvc.method.annotation.ExceptionHandlerExceptionResolver:Resolved [org.springframework.http.converter.HttpMessageNotReadableException: JSON parse error: Cannot deserialize value of type `java.time.LocalDateTime` from String "2023-03-31T21:21:44.762Z": Failed to deserialize java.time.LocalDateTime: (java.time.format.DateTimeParseException) Text '2023-03-31T21:21:44.762Z' could not be parsed at index 2; nested exception is com.fasterxml.jackson.databind.exc.InvalidFormatException: Cannot deserialize value of type `java.time.LocalDateTime` from String "2023-03-31T21:21:44.762Z": Failed to deserialize java.time.LocalDateTime: (java.time.format.DateTimeParseException) Text '2023-03-31T21:21:44.762Z' could not be parsed at index 2<EOL> at [Source: (org.springframework.util.StreamUtils$NonClosingInputStream); line: 2, column: 17] (through reference chain: com.myproject.dto.request.ReservationUpdateRequest["pickUpTime"])]
2023-04-01 00:22:15,637 ERROR [http-nio-8080-exec-10] com.myproject.exception.SafeRentExceptionHandler:JSON parse error: Cannot deserialize value of type `java.time.LocalDateTime` from String "2023-03-31T21:21:44.762Z": Failed to deserialize java.time.LocalDateTime: (java.time.format.DateTimeParseException) Text '2023-03-31T21:21:44.762Z' could not be parsed at index 2; nested exception is com.fasterxml.jackson.databind.exc.InvalidFormatException: Cannot deserialize value of type `java.time.LocalDateTime` from String "2023-03-31T21:21:44.762Z": Failed to deserialize java.time.LocalDateTime: (java.time.format.DateTimeParseException) Text '2023-03-31T21:21:44.762Z' could not be parsed at index 2
 at [Source: (org.springframework.util.StreamUtils$NonClosingInputStream); line: 2, column: 17] (through reference chain: com.myproject.dto.request.ReservationUpdateRequest["pickUpTime"])
2023-04-01 00:22:15,638 WARN  [http-nio-8080-exec-10] org.springframework.web.servlet.mvc.method.annotation.ExceptionHandlerExceptionResolver:Resolved [org.springframework.http.converter.HttpMessageNotReadableException: JSON parse error: Cannot deserialize value of type `java.time.LocalDateTime` from String "2023-03-31T21:21:44.762Z": Failed to deserialize java.time.LocalDateTime: (java.time.format.DateTimeParseException) Text '2023-03-31T21:21:44.762Z' could not be parsed at index 2; nested exception is com.fasterxml.jackson.databind.exc.InvalidFormatException: Cannot deserialize value of type `java.time.LocalDateTime` from String "2023-03-31T21:21:44.762Z": Failed to deserialize java.time.LocalDateTime: (java.time.format.DateTimeParseException) Text '2023-03-31T21:21:44.762Z' could not be parsed at index 2<EOL> at [Source: (org.springframework.util.StreamUtils$NonClosingInputStream); line: 2, column: 17] (through reference chain: com.myproject.dto.request.ReservationUpdateRequest["pickUpTime"])]
2023-04-01 00:23:49,778 INFO  [SpringApplicationShutdownHook] org.springframework.orm.jpa.LocalContainerEntityManagerFactoryBean:Closing JPA EntityManagerFactory for persistence unit 'default'
2023-04-01 00:23:49,780 INFO  [SpringApplicationShutdownHook] com.zaxxer.hikari.HikariDataSource:HikariPool-1 - Shutdown initiated...
2023-04-01 00:23:49,782 INFO  [SpringApplicationShutdownHook] com.zaxxer.hikari.HikariDataSource:HikariPool-1 - Shutdown completed.
